TN:
SF:src\boleanNU.js
FN:1,(anonymous_0)
FN:5,(anonymous_1)
FN:9,(anonymous_2)
FN:13,(anonymous_3)
FNF:4
FNH:4
FNDA:1,(anonymous_0)
FNDA:2,(anonymous_1)
FNDA:1,(anonymous_2)
FNDA:1,(anonymous_3)
DA:1,1
DA:2,1
DA:5,1
DA:6,2
DA:9,1
DA:10,1
DA:13,1
DA:14,1
LF:8
LH:8
BRF:0
BRH:0
end_of_record
TN:
SF:src\listas.js
FN:1,(anonymous_0)
FNF:1
FNH:1
FNDA:3,(anonymous_0)
DA:1,1
DA:2,3
LF:2
LH:2
BRF:0
BRH:0
end_of_record
TN:
SF:src\math.js
FN:1,(anonymous_0)
FN:4,(anonymous_1)
FN:7,(anonymous_2)
FN:10,(anonymous_3)
FNF:4
FNH:4
FNDA:7,(anonymous_0)
FNDA:1,(anonymous_1)
FNDA:1,(anonymous_2)
FNDA:1,(anonymous_3)
DA:1,2
DA:2,7
DA:4,2
DA:5,1
DA:7,2
DA:8,1
DA:10,2
DA:11,1
LF:8
LH:8
BRF:0
BRH:0
end_of_record
TN:
SF:src\objetos.js
FNF:0
FNH:0
DA:1,1
DA:7,1
LF:2
LH:2
BRF:0
BRH:0
end_of_record
